TN:
SF:/home/amiyasantra/Desktop/Node/nodeboiler/gulpfile.babel.js
FN:32,(anonymous_1)
FN:37,(anonymous_2)
FN:44,(anonymous_3)
FN:46,(anonymous_4)
FN:53,(anonymous_5)
FN:58,(anonymous_6)
FN:65,(anonymous_7)
FN:71,(anonymous_8)
FN:78,(anonymous_9)
FN:83,(anonymous_10)
FN:89,(anonymous_11)
FN:92,(anonymous_12)
FN:99,(anonymous_13)
FNF:13
FNH:6
FNDA:0,(anonymous_1)
FNDA:0,(anonymous_2)
FNDA:0,(anonymous_3)
FNDA:0,(anonymous_4)
FNDA:1,(anonymous_5)
FNDA:1,(anonymous_6)
FNDA:1,(anonymous_7)
FNDA:0,(anonymous_8)
FNDA:0,(anonymous_9)
FNDA:1,(anonymous_10)
FNDA:0,(anonymous_11)
FNDA:1,(anonymous_12)
FNDA:1,(anonymous_13)
DA:23,1
DA:24,1
DA:25,1
DA:26,1
DA:27,1
DA:28,1
DA:29,1
DA:32,1
DA:33,0
DA:37,1
DA:38,0
DA:44,0
DA:45,0
DA:47,0
DA:48,0
DA:53,1
DA:54,1
DA:58,1
DA:59,1
DA:65,1
DA:66,1
DA:71,1
DA:72,0
DA:78,1
DA:79,0
DA:83,1
DA:84,1
DA:90,0
DA:91,0
DA:93,1
DA:94,1
DA:99,1
DA:100,1
LF:33
LH:23
BRF:0
BRH:0
end_of_record
TN:
SF:/home/amiyasantra/Desktop/Node/nodeboiler/dist/server.js
FN:49,_interopRequireDefault
FN:121,(anonymous_1)
FN:133,(anonymous_2)
FNF:3
FNH:2
FNDA:9,_interopRequireDefault
FNDA:0,(anonymous_1)
FNDA:1,(anonymous_2)
DA:3,1
DA:5,1
DA:7,1
DA:9,1
DA:11,1
DA:13,1
DA:15,1
DA:17,1
DA:19,1
DA:21,1
DA:23,1
DA:25,1
DA:27,1
DA:29,1
DA:31,1
DA:33,1
DA:35,1
DA:37,1
DA:39,1
DA:41,1
DA:43,1
DA:45,1
DA:47,1
DA:49,9
DA:73,1
DA:80,1
DA:81,1
DA:84,1
DA:88,1
DA:91,1
DA:94,1
DA:101,1
DA:114,1
DA:117,1
DA:118,0
DA:121,1
DA:122,0
DA:128,1
DA:133,1
DA:134,1
LF:40
LH:38
BRDA:49,0,0,0
BRDA:49,0,1,9
BRDA:49,1,0,9
BRDA:49,1,1,9
BRDA:117,2,0,0
BRDA:117,2,1,1
BRF:6
BRH:4
end_of_record
TN:
SF:/home/amiyasantra/Desktop/Node/nodeboiler/dist/config/environment.js
FNF:0
FNH:0
DA:3,1
DA:29,1
LF:2
LH:2
BRDA:30,0,0,1
BRDA:30,0,1,1
BRDA:31,1,0,1
BRDA:31,1,1,1
BRF:4
BRH:4
end_of_record
TN:
SF:/home/amiyasantra/Desktop/Node/nodeboiler/dist/routes/routes.js
FN:26,_interopRequireDefault
FN:67,(anonymous_1)
FN:72,(anonymous_2)
FN:82,(anonymous_3)
FN:91,(anonymous_4)
FNF:5
FNH:5
FNDA:3,_interopRequireDefault
FNDA:2,(anonymous_1)
FNDA:2,(anonymous_2)
FNDA:2,(anonymous_3)
FNDA:2,(anonymous_4)
DA:3,1
DA:6,1
DA:8,1
DA:10,1
DA:12,1
DA:14,1
DA:16,1
DA:18,1
DA:20,1
DA:22,1
DA:24,1
DA:26,3
DA:50,1
DA:53,1
DA:61,1
DA:64,1
DA:67,1
DA:68,2
DA:69,2
DA:72,1
DA:73,2
DA:74,2
DA:83,2
DA:84,2
DA:86,0
DA:91,1
DA:92,2
DA:93,1
DA:95,1
LF:29
LH:28
BRDA:26,0,0,0
BRDA:26,0,1,3
BRDA:26,1,0,3
BRDA:26,1,1,3
BRDA:83,2,0,2
BRDA:83,2,1,0
BRDA:92,3,0,1
BRDA:92,3,1,1
BRF:8
BRH:6
end_of_record
TN:
SF:/home/amiyasantra/Desktop/Node/nodeboiler/dist/spec/index_spec.js
FNF:0
FNH:0
DA:3,1
LF:1
LH:1
BRF:0
BRH:0
end_of_record
TN:
SF:/home/amiyasantra/Desktop/Node/nodeboiler/dist/spec/test_spy_spec.js
FN:25,(anonymous_0)
FN:28,(anonymous_1)
FN:30,setBar
FN:39,(anonymous_3)
FN:43,(anonymous_4)
FN:47,(anonymous_5)
FN:52,(anonymous_6)
FN:56,(anonymous_7)
FN:60,(anonymous_8)
FNF:9
FNH:8
FNDA:1,(anonymous_0)
FNDA:6,(anonymous_1)
FNDA:0,setBar
FNDA:1,(anonymous_3)
FNDA:1,(anonymous_4)
FNDA:1,(anonymous_5)
FNDA:1,(anonymous_6)
FNDA:1,(anonymous_7)
FNDA:1,(anonymous_8)
DA:25,1
DA:26,1
DA:27,1
DA:28,1
DA:29,6
DA:31,0
DA:34,6
DA:35,6
DA:36,6
DA:39,1
DA:40,1
DA:43,1
DA:44,1
DA:47,1
DA:48,1
DA:49,1
DA:52,1
DA:53,1
DA:56,1
DA:57,1
DA:60,1
DA:61,1
LF:22
LH:21
BRF:0
BRH:0
end_of_record
TN:
SF:/home/amiyasantra/Desktop/Node/nodeboiler/dist/spec/api/test_api_spec.js
FN:32,(anonymous_0)
FN:35,(anonymous_1)
FN:37,(anonymous_2)
FN:39,(anonymous_3)
FN:48,(anonymous_4)
FN:49,(anonymous_5)
FNF:6
FNH:6
FNDA:1,(anonymous_0)
FNDA:1,(anonymous_1)
FNDA:1,(anonymous_2)
FNDA:1,(anonymous_3)
FNDA:1,(anonymous_4)
FNDA:1,(anonymous_5)
DA:3,1
DA:5,1
DA:27,1
DA:28,1
DA:29,1
DA:32,1
DA:35,1
DA:37,1
DA:38,1
DA:39,1
DA:40,1
DA:41,1
DA:42,1
DA:48,1
DA:49,1
DA:50,1
DA:51,1
LF:17
LH:17
BRF:0
BRH:0
end_of_record
TN:
SF:/home/amiyasantra/Desktop/Node/nodeboiler/dist/spec/api/test_login_spec.js
FN:42,(anonymous_0)
FN:44,(anonymous_1)
FN:45,(anonymous_2)
FN:52,(anonymous_3)
FN:53,(anonymous_4)
FNF:5
FNH:5
FNDA:1,(anonymous_0)
FNDA:1,(anonymous_1)
FNDA:1,(anonymous_2)
FNDA:1,(anonymous_3)
FNDA:1,(anonymous_4)
DA:3,1
DA:27,1
DA:29,1
DA:30,1
DA:31,1
DA:32,1
DA:36,1
DA:37,1
DA:38,1
DA:39,1
DA:42,1
DA:44,1
DA:45,1
DA:46,1
DA:47,1
DA:48,1
DA:52,1
DA:53,1
DA:54,1
DA:55,1
DA:56,1
LF:21
LH:21
BRF:0
BRH:0
end_of_record
TN:
SF:/home/amiyasantra/Desktop/Node/nodeboiler/dist/spec/api/test_mockup_spec.js
FN:13,_interopRequireDefault
FN:44,(anonymous_1)
FN:48,(anonymous_2)
FN:49,(anonymous_3)
FN:55,(anonymous_4)
FN:57,(anonymous_5)
FNF:6
FNH:6
FNDA:2,_interopRequireDefault
FNDA:1,(anonymous_1)
FNDA:1,(anonymous_2)
FNDA:1,(anonymous_3)
FNDA:1,(anonymous_4)
FNDA:1,(anonymous_5)
DA:3,1
DA:5,1
DA:7,1
DA:9,1
DA:11,1
DA:13,2
DA:15,1
DA:39,1
DA:42,1
DA:44,1
DA:46,1
DA:48,1
DA:49,1
DA:50,1
DA:51,1
DA:55,1
DA:56,1
DA:57,1
DA:58,1
DA:59,1
LF:20
LH:20
BRDA:13,0,0,0
BRDA:13,0,1,2
BRDA:13,1,0,2
BRDA:13,1,1,2
BRF:4
BRH:3
end_of_record
TN:
SF:/home/amiyasantra/Desktop/Node/nodeboiler/dist/utils/constants.js
FNF:0
FNH:0
DA:3,1
DA:29,1
DA:32,1
DA:35,1
DA:38,1
DA:41,1
LF:6
LH:6
BRF:0
BRH:0
end_of_record
TN:
SF:/home/amiyasantra/Desktop/Node/nodeboiler/dist/utils/custom-api-errors.js
FN:8,(anonymous_2)
FN:8,defineProperties
FN:8,(anonymous_4)
FN:14,_interopRequireDefault
FN:16,_classCallCheck
FN:18,_possibleConstructorReturn
FN:47,(anonymous_9)
FN:55,CustomApiError
FN:76,getErrorInfo
FN:92,getHttpStatus
FNF:10
FNH:5
FNDA:1,(anonymous_2)
FNDA:1,defineProperties
FNDA:1,(anonymous_4)
FNDA:1,_interopRequireDefault
FNDA:0,_classCallCheck
FNDA:0,_possibleConstructorReturn
FNDA:1,(anonymous_9)
FNDA:0,CustomApiError
FNDA:0,getErrorInfo
FNDA:0,getHttpStatus
DA:3,1
DA:6,1
DA:8,2
DA:10,1
DA:12,1
DA:14,1
DA:16,0
DA:18,0
DA:20,1
DA:47,1
DA:48,1
DA:56,0
DA:58,0
DA:60,0
DA:62,0
DA:63,0
DA:64,0
DA:65,0
DA:74,1
DA:77,0
DA:93,0
DA:97,1
DA:103,1
DA:118,1
LF:24
LH:13
BRDA:8,0,0,2
BRDA:8,0,1,2
BRDA:8,1,0,2
BRDA:8,1,1,0
BRDA:8,2,0,1
BRDA:8,2,1,0
BRDA:8,3,0,0
BRDA:8,3,1,1
BRDA:14,4,0,0
BRDA:14,4,1,1
BRDA:14,5,0,1
BRDA:14,5,1,1
BRDA:16,6,0,0
BRDA:16,6,1,0
BRDA:18,7,0,0
BRDA:18,7,1,0
BRDA:18,8,0,0
BRDA:18,8,1,0
BRDA:18,9,0,0
BRDA:18,9,1,0
BRDA:18,9,2,0
BRDA:18,10,0,0
BRDA:18,10,1,0
BRDA:20,11,0,0
BRDA:20,11,1,1
BRDA:20,12,0,1
BRDA:20,12,1,0
BRDA:20,13,0,0
BRDA:20,13,1,0
BRDA:20,14,0,1
BRDA:20,14,1,1
BRDA:20,15,0,1
BRDA:20,15,1,0
BRDA:20,16,0,1
BRDA:20,16,1,0
BRDA:56,17,0,0
BRDA:56,17,1,0
BRDA:56,18,0,0
BRDA:56,18,1,0
BRDA:60,19,0,0
BRDA:60,19,1,0
BRF:41
BRH:14
end_of_record
TN:
SF:/home/amiyasantra/Desktop/Node/nodeboiler/dist/utils/logger.js
FN:24,_interopRequireDefault
FN:48,createRequestID
FN:50,(anonymous_2)
FN:62,getRequestID
FN:71,formatter
FNF:5
FNH:5
FNDA:3,_interopRequireDefault
FNDA:6,createRequestID
FNDA:6,(anonymous_2)
FNDA:11,getRequestID
FNDA:11,formatter
DA:3,1
DA:6,1
DA:8,1
DA:10,1
DA:12,1
DA:14,1
DA:16,1
DA:18,1
DA:20,1
DA:22,1
DA:24,3
DA:48,1
DA:49,6
DA:50,6
DA:52,6
DA:53,6
DA:54,6
DA:55,6
DA:57,6
DA:58,6
DA:62,1
DA:63,11
DA:64,11
DA:65,11
DA:68,1
DA:72,11
DA:73,11
DA:74,11
DA:75,11
DA:77,11
LF:30
LH:30
BRDA:24,0,0,0
BRDA:24,0,1,3
BRDA:24,1,0,3
BRDA:24,1,1,3
BRDA:52,2,0,6
BRDA:52,2,1,0
BRDA:64,3,0,10
BRDA:64,3,1,1
BRDA:72,4,0,11
BRDA:72,4,1,7
BRDA:75,5,0,11
BRDA:75,5,1,0
BRF:12
BRH:9
end_of_record
