{"/home/amiyasantra/Desktop/Node/coverage/dist/spec/index_spec.js":{"path":"/home/amiyasantra/Desktop/Node/coverage/dist/spec/index_spec.js","s":{"1":1},"b":{},"f":{},"fnMap":{},"statementMap":{"1":{"start":{"line":3,"column":0},"end":{"line":3,"column":21}}},"branchMap":{}},"/home/amiyasantra/Desktop/Node/coverage/dist/server.js":{"path":"/home/amiyasantra/Desktop/Node/coverage/dist/server.js","s":{"1":1,"2":1,"3":1,"4":1,"5":1,"6":1,"7":1,"8":1,"9":1,"10":1,"11":1,"12":1,"13":1,"14":1,"15":1,"16":1,"17":1,"18":1,"19":1,"20":1,"21":1,"22":1,"23":1,"24":1,"25":9,"26":1,"27":1,"28":1,"29":1,"30":1,"31":1,"32":1,"33":1,"34":1,"35":1,"36":0,"37":1,"38":0,"39":1,"40":1,"41":1},"b":{"1":[0,9],"2":[9,9],"3":[0,1]},"f":{"1":9,"2":0,"3":1},"fnMap":{"1":{"name":"_interopRequireDefault","line":49,"loc":{"start":{"line":49,"column":0},"end":{"line":49,"column":37}}},"2":{"name":"(anonymous_2)","line":121,"loc":{"start":{"line":121,"column":13},"end":{"line":121,"column":33}}},"3":{"name":"(anonymous_3)","line":133,"loc":{"start":{"line":133,"column":52},"end":{"line":133,"column":64}}}},"statementMap":{"1":{"start":{"line":3,"column":0},"end":{"line":3,"column":41}},"2":{"start":{"line":5,"column":0},"end":{"line":5,"column":55}},"3":{"start":{"line":7,"column":0},"end":{"line":7,"column":45}},"4":{"start":{"line":9,"column":0},"end":{"line":9,"column":59}},"5":{"start":{"line":11,"column":0},"end":{"line":11,"column":44}},"6":{"start":{"line":13,"column":0},"end":{"line":13,"column":59}},"7":{"start":{"line":15,"column":0},"end":{"line":15,"column":34}},"8":{"start":{"line":17,"column":0},"end":{"line":17,"column":49}},"9":{"start":{"line":19,"column":0},"end":{"line":19,"column":49}},"10":{"start":{"line":21,"column":0},"end":{"line":21,"column":63}},"11":{"start":{"line":23,"column":0},"end":{"line":23,"column":28}},"12":{"start":{"line":25,"column":0},"end":{"line":25,"column":43}},"13":{"start":{"line":27,"column":0},"end":{"line":27,"column":30}},"14":{"start":{"line":29,"column":0},"end":{"line":29,"column":45}},"15":{"start":{"line":31,"column":0},"end":{"line":31,"column":49}},"16":{"start":{"line":33,"column":0},"end":{"line":33,"column":63}},"17":{"start":{"line":35,"column":0},"end":{"line":35,"column":39}},"18":{"start":{"line":37,"column":0},"end":{"line":37,"column":53}},"19":{"start":{"line":39,"column":0},"end":{"line":39,"column":46}},"20":{"start":{"line":41,"column":0},"end":{"line":41,"column":60}},"21":{"start":{"line":43,"column":0},"end":{"line":43,"column":51}},"22":{"start":{"line":45,"column":0},"end":{"line":45,"column":40}},"23":{"start":{"line":47,"column":0},"end":{"line":47,"column":41}},"24":{"start":{"line":49,"column":0},"end":{"line":49,"column":95}},"25":{"start":{"line":49,"column":39},"end":{"line":49,"column":93}},"26":{"start":{"line":73,"column":0},"end":{"line":73,"column":35}},"27":{"start":{"line":80,"column":0},"end":{"line":80,"column":37}},"28":{"start":{"line":81,"column":0},"end":{"line":81,"column":62}},"29":{"start":{"line":84,"column":0},"end":{"line":84,"column":39}},"30":{"start":{"line":88,"column":0},"end":{"line":88,"column":41}},"31":{"start":{"line":91,"column":0},"end":{"line":91,"column":36}},"32":{"start":{"line":94,"column":0},"end":{"line":98,"column":4}},"33":{"start":{"line":101,"column":0},"end":{"line":111,"column":4}},"34":{"start":{"line":114,"column":0},"end":{"line":114,"column":32}},"35":{"start":{"line":117,"column":0},"end":{"line":119,"column":1}},"36":{"start":{"line":118,"column":2},"end":{"line":118,"column":41}},"37":{"start":{"line":121,"column":0},"end":{"line":123,"column":3}},"38":{"start":{"line":122,"column":2},"end":{"line":122,"column":59}},"39":{"start":{"line":128,"column":0},"end":{"line":128,"column":46}},"40":{"start":{"line":133,"column":0},"end":{"line":135,"column":3}},"41":{"start":{"line":134,"column":2},"end":{"line":134,"column":115}}},"branchMap":{"1":{"line":49,"type":"cond-expr","locations":[{"start":{"line":49,"column":70},"end":{"line":49,"column":73}},{"start":{"line":49,"column":76},"end":{"line":49,"column":92}}]},"2":{"line":49,"type":"binary-expr","locations":[{"start":{"line":49,"column":46},"end":{"line":49,"column":49}},{"start":{"line":49,"column":53},"end":{"line":49,"column":67}}]},"3":{"line":117,"type":"if","locations":[{"start":{"line":117,"column":0},"end":{"line":117,"column":0}},{"start":{"line":117,"column":0},"end":{"line":117,"column":0}}]}}},"/home/amiyasantra/Desktop/Node/coverage/dist/utils/constants.js":{"path":"/home/amiyasantra/Desktop/Node/coverage/dist/utils/constants.js","s":{"1":1,"2":1,"3":1,"4":1,"5":1,"6":1},"b":{},"f":{},"fnMap":{},"statementMap":{"1":{"start":{"line":3,"column":0},"end":{"line":5,"column":3}},"2":{"start":{"line":29,"column":0},"end":{"line":29,"column":56}},"3":{"start":{"line":32,"column":0},"end":{"line":32,"column":39}},"4":{"start":{"line":35,"column":0},"end":{"line":35,"column":45}},"5":{"start":{"line":38,"column":0},"end":{"line":38,"column":61}},"6":{"start":{"line":41,"column":0},"end":{"line":41,"column":71}}},"branchMap":{}},"/home/amiyasantra/Desktop/Node/coverage/dist/utils/custom-api-errors.js":{"path":"/home/amiyasantra/Desktop/Node/coverage/dist/utils/custom-api-errors.js","s":{"1":1,"2":1,"3":1,"4":1,"5":1,"6":2,"7":2,"8":2,"9":2,"10":2,"11":2,"12":1,"13":1,"14":1,"15":1,"16":0,"17":1,"18":1,"19":1,"20":1,"21":1,"22":1,"23":0,"24":0,"25":1,"26":0,"27":0,"28":0,"29":1,"30":1,"31":0,"32":1,"33":1,"34":1,"35":1,"36":1,"37":1,"38":0,"39":0,"40":0,"41":0,"42":0,"43":0,"44":0,"45":1,"46":0,"47":0,"48":1,"49":1,"50":1},"b":{"1":[2,2],"2":[2,0],"3":[1,0],"4":[0,1],"5":[0,1],"6":[1,1],"7":[0,0],"8":[0,0],"9":[0,0],"10":[0,0,0],"11":[0,1],"12":[1,0],"13":[1,1],"14":[1,0],"15":[1,0],"16":[0,0],"17":[0,0],"18":[0,0]},"f":{"1":1,"2":1,"3":1,"4":1,"5":0,"6":0,"7":1,"8":1,"9":0,"10":0,"11":0},"fnMap":{"1":{"name":"(anonymous_1)","line":8,"loc":{"start":{"line":8,"column":19},"end":{"line":8,"column":31}}},"2":{"name":"defineProperties","line":8,"loc":{"start":{"line":8,"column":33},"end":{"line":8,"column":74}}},"3":{"name":"(anonymous_3)","line":8,"loc":{"start":{"line":8,"column":357},"end":{"line":8,"column":405}}},"4":{"name":"_interopRequireDefault","line":14,"loc":{"start":{"line":14,"column":0},"end":{"line":14,"column":37}}},"5":{"name":"_classCallCheck","line":16,"loc":{"start":{"line":16,"column":0},"end":{"line":16,"column":48}}},"6":{"name":"_possibleConstructorReturn","line":18,"loc":{"start":{"line":18,"column":0},"end":{"line":18,"column":48}}},"7":{"name":"_inherits","line":20,"loc":{"start":{"line":20,"column":0},"end":{"line":20,"column":41}}},"8":{"name":"(anonymous_8)","line":47,"loc":{"start":{"line":47,"column":46},"end":{"line":47,"column":74}}},"9":{"name":"CustomApiError","line":55,"loc":{"start":{"line":55,"column":2},"end":{"line":55,"column":35}}},"10":{"name":"getErrorInfo","line":76,"loc":{"start":{"line":76,"column":11},"end":{"line":76,"column":35}}},"11":{"name":"getHttpStatus","line":92,"loc":{"start":{"line":92,"column":11},"end":{"line":92,"column":36}}}},"statementMap":{"1":{"start":{"line":3,"column":0},"end":{"line":5,"column":3}},"2":{"start":{"line":6,"column":0},"end":{"line":6,"column":77}},"3":{"start":{"line":8,"column":0},"end":{"line":8,"column":564}},"4":{"start":{"line":8,"column":33},"end":{"line":8,"column":349}},"5":{"start":{"line":8,"column":76},"end":{"line":8,"column":347}},"6":{"start":{"line":8,"column":117},"end":{"line":8,"column":143}},"7":{"start":{"line":8,"column":144},"end":{"line":8,"column":199}},"8":{"start":{"line":8,"column":200},"end":{"line":8,"column":231}},"9":{"start":{"line":8,"column":232},"end":{"line":8,"column":286}},"10":{"start":{"line":8,"column":259},"end":{"line":8,"column":286}},"11":{"start":{"line":8,"column":287},"end":{"line":8,"column":345}},"12":{"start":{"line":8,"column":350},"end":{"line":8,"column":559}},"13":{"start":{"line":8,"column":407},"end":{"line":8,"column":475}},"14":{"start":{"line":8,"column":423},"end":{"line":8,"column":475}},"15":{"start":{"line":8,"column":476},"end":{"line":8,"column":536}},"16":{"start":{"line":8,"column":493},"end":{"line":8,"column":536}},"17":{"start":{"line":8,"column":537},"end":{"line":8,"column":556}},"18":{"start":{"line":10,"column":0},"end":{"line":10,"column":37}},"19":{"start":{"line":12,"column":0},"end":{"line":12,"column":51}},"20":{"start":{"line":14,"column":0},"end":{"line":14,"column":95}},"21":{"start":{"line":14,"column":39},"end":{"line":14,"column":93}},"22":{"start":{"line":16,"column":0},"end":{"line":16,"column":153}},"23":{"start":{"line":16,"column":50},"end":{"line":16,"column":151}},"24":{"start":{"line":16,"column":92},"end":{"line":16,"column":149}},"25":{"start":{"line":18,"column":0},"end":{"line":18,"column":240}},"26":{"start":{"line":18,"column":50},"end":{"line":18,"column":151}},"27":{"start":{"line":18,"column":63},"end":{"line":18,"column":149}},"28":{"start":{"line":18,"column":152},"end":{"line":18,"column":238}},"29":{"start":{"line":20,"column":0},"end":{"line":20,"column":494}},"30":{"start":{"line":20,"column":43},"end":{"line":20,"column":208}},"31":{"start":{"line":20,"column":106},"end":{"line":20,"column":206}},"32":{"start":{"line":20,"column":209},"end":{"line":20,"column":373}},"33":{"start":{"line":20,"column":374},"end":{"line":20,"column":492}},"34":{"start":{"line":20,"column":390},"end":{"line":20,"column":492}},"35":{"start":{"line":47,"column":0},"end":{"line":98,"column":22}},"36":{"start":{"line":48,"column":2},"end":{"line":48,"column":46}},"37":{"start":{"line":55,"column":2},"end":{"line":66,"column":3}},"38":{"start":{"line":56,"column":4},"end":{"line":56,"column":87}},"39":{"start":{"line":58,"column":4},"end":{"line":58,"column":42}},"40":{"start":{"line":60,"column":4},"end":{"line":60,"column":146}},"41":{"start":{"line":62,"column":4},"end":{"line":62,"column":40}},"42":{"start":{"line":63,"column":4},"end":{"line":63,"column":30}},"43":{"start":{"line":64,"column":4},"end":{"line":64,"column":36}},"44":{"start":{"line":65,"column":4},"end":{"line":65,"column":17}},"45":{"start":{"line":74,"column":2},"end":{"line":95,"column":6}},"46":{"start":{"line":77,"column":6},"end":{"line":82,"column":8}},"47":{"start":{"line":93,"column":6},"end":{"line":93,"column":39}},"48":{"start":{"line":97,"column":2},"end":{"line":97,"column":24}},"49":{"start":{"line":103,"column":0},"end":{"line":118,"column":2}},"50":{"start":{"line":118,"column":2},"end":{"line":191,"column":2}}},"branchMap":{"1":{"line":8,"type":"binary-expr","locations":[{"start":{"line":8,"column":168},"end":{"line":8,"column":189}},{"start":{"line":8,"column":193},"end":{"line":8,"column":198}}]},"2":{"line":8,"type":"if","locations":[{"start":{"line":8,"column":232},"end":{"line":8,"column":232}},{"start":{"line":8,"column":232},"end":{"line":8,"column":232}}]},"3":{"line":8,"type":"if","locations":[{"start":{"line":8,"column":407},"end":{"line":8,"column":407}},{"start":{"line":8,"column":407},"end":{"line":8,"column":407}}]},"4":{"line":8,"type":"if","locations":[{"start":{"line":8,"column":476},"end":{"line":8,"column":476}},{"start":{"line":8,"column":476},"end":{"line":8,"column":476}}]},"5":{"line":14,"type":"cond-expr","locations":[{"start":{"line":14,"column":70},"end":{"line":14,"column":73}},{"start":{"line":14,"column":76},"end":{"line":14,"column":92}}]},"6":{"line":14,"type":"binary-expr","locations":[{"start":{"line":14,"column":46},"end":{"line":14,"column":49}},{"start":{"line":14,"column":53},"end":{"line":14,"column":67}}]},"7":{"line":16,"type":"if","locations":[{"start":{"line":16,"column":50},"end":{"line":16,"column":50}},{"start":{"line":16,"column":50},"end":{"line":16,"column":50}}]},"8":{"line":18,"type":"if","locations":[{"start":{"line":18,"column":50},"end":{"line":18,"column":50}},{"start":{"line":18,"column":50},"end":{"line":18,"column":50}}]},"9":{"line":18,"type":"cond-expr","locations":[{"start":{"line":18,"column":226},"end":{"line":18,"column":230}},{"start":{"line":18,"column":233},"end":{"line":18,"column":237}}]},"10":{"line":18,"type":"binary-expr","locations":[{"start":{"line":18,"column":159},"end":{"line":18,"column":163}},{"start":{"line":18,"column":168},"end":{"line":18,"column":192}},{"start":{"line":18,"column":196},"end":{"line":18,"column":222}}]},"11":{"line":20,"type":"if","locations":[{"start":{"line":20,"column":43},"end":{"line":20,"column":43}},{"start":{"line":20,"column":43},"end":{"line":20,"column":43}}]},"12":{"line":20,"type":"binary-expr","locations":[{"start":{"line":20,"column":47},"end":{"line":20,"column":79}},{"start":{"line":20,"column":83},"end":{"line":20,"column":102}}]},"13":{"line":20,"type":"binary-expr","locations":[{"start":{"line":20,"column":244},"end":{"line":20,"column":254}},{"start":{"line":20,"column":258},"end":{"line":20,"column":278}}]},"14":{"line":20,"type":"if","locations":[{"start":{"line":20,"column":374},"end":{"line":20,"column":374}},{"start":{"line":20,"column":374},"end":{"line":20,"column":374}}]},"15":{"line":20,"type":"cond-expr","locations":[{"start":{"line":20,"column":414},"end":{"line":20,"column":457}},{"start":{"line":20,"column":460},"end":{"line":20,"column":491}}]},"16":{"line":56,"type":"cond-expr","locations":[{"start":{"line":56,"column":69},"end":{"line":56,"column":81}},{"start":{"line":56,"column":84},"end":{"line":56,"column":86}}]},"17":{"line":56,"type":"binary-expr","locations":[{"start":{"line":56,"column":16},"end":{"line":56,"column":36}},{"start":{"line":56,"column":40},"end":{"line":56,"column":66}}]},"18":{"line":60,"type":"binary-expr","locations":[{"start":{"line":60,"column":50},"end":{"line":60,"column":74}},{"start":{"line":60,"column":78},"end":{"line":60,"column":115}}]}}},"/home/amiyasantra/Desktop/Node/coverage/dist/config/environment.js":{"path":"/home/amiyasantra/Desktop/Node/coverage/dist/config/environment.js","s":{"1":1,"2":1},"b":{"1":[1,1],"2":[1,1]},"f":{},"fnMap":{},"statementMap":{"1":{"start":{"line":3,"column":0},"end":{"line":5,"column":3}},"2":{"start":{"line":29,"column":0},"end":{"line":32,"column":2}}},"branchMap":{"1":{"line":30,"type":"binary-expr","locations":[{"start":{"line":30,"column":17},"end":{"line":30,"column":33}},{"start":{"line":30,"column":37},"end":{"line":30,"column":41}}]},"2":{"line":31,"type":"binary-expr","locations":[{"start":{"line":31,"column":18},"end":{"line":31,"column":43}},{"start":{"line":31,"column":47},"end":{"line":31,"column":85}}]}}},"/home/amiyasantra/Desktop/Node/coverage/dist/utils/logger.js":{"path":"/home/amiyasantra/Desktop/Node/coverage/dist/utils/logger.js","s":{"1":1,"2":1,"3":1,"4":1,"5":1,"6":1,"7":1,"8":1,"9":1,"10":1,"11":1,"12":3,"13":1,"14":6,"15":6,"16":6,"17":6,"18":6,"19":6,"20":6,"21":6,"22":1,"23":11,"24":11,"25":11,"26":1,"27":11,"28":11,"29":11,"30":11,"31":11},"b":{"1":[0,3],"2":[3,3],"3":[6,0],"4":[10,1],"5":[11,7],"6":[11,0]},"f":{"1":3,"2":6,"3":6,"4":11,"5":11},"fnMap":{"1":{"name":"_interopRequireDefault","line":24,"loc":{"start":{"line":24,"column":0},"end":{"line":24,"column":37}}},"2":{"name":"createRequestID","line":48,"loc":{"start":{"line":48,"column":48},"end":{"line":48,"column":89}}},"3":{"name":"(anonymous_3)","line":50,"loc":{"start":{"line":50,"column":14},"end":{"line":50,"column":26}}},"4":{"name":"getRequestID","line":62,"loc":{"start":{"line":62,"column":42},"end":{"line":62,"column":66}}},"5":{"name":"formatter","line":71,"loc":{"start":{"line":71,"column":15},"end":{"line":71,"column":43}}}},"statementMap":{"1":{"start":{"line":3,"column":0},"end":{"line":5,"column":3}},"2":{"start":{"line":6,"column":0},"end":{"line":6,"column":76}},"3":{"start":{"line":8,"column":0},"end":{"line":8,"column":39}},"4":{"start":{"line":10,"column":0},"end":{"line":10,"column":32}},"5":{"start":{"line":12,"column":0},"end":{"line":12,"column":47}},"6":{"start":{"line":14,"column":0},"end":{"line":14,"column":32}},"7":{"start":{"line":16,"column":0},"end":{"line":16,"column":47}},"8":{"start":{"line":18,"column":0},"end":{"line":18,"column":34}},"9":{"start":{"line":20,"column":0},"end":{"line":20,"column":49}},"10":{"start":{"line":22,"column":0},"end":{"line":22,"column":40}},"11":{"start":{"line":24,"column":0},"end":{"line":24,"column":95}},"12":{"start":{"line":24,"column":39},"end":{"line":24,"column":93}},"13":{"start":{"line":48,"column":0},"end":{"line":60,"column":2}},"14":{"start":{"line":49,"column":2},"end":{"line":49,"column":73}},"15":{"start":{"line":50,"column":2},"end":{"line":59,"column":5}},"16":{"start":{"line":52,"column":4},"end":{"line":56,"column":5}},"17":{"start":{"line":53,"column":6},"end":{"line":53,"column":46}},"18":{"start":{"line":54,"column":6},"end":{"line":54,"column":60}},"19":{"start":{"line":55,"column":6},"end":{"line":55,"column":63}},"20":{"start":{"line":57,"column":4},"end":{"line":57,"column":72}},"21":{"start":{"line":58,"column":4},"end":{"line":58,"column":11}},"22":{"start":{"line":62,"column":0},"end":{"line":66,"column":2}},"23":{"start":{"line":63,"column":2},"end":{"line":63,"column":65}},"24":{"start":{"line":64,"column":2},"end":{"line":64,"column":48}},"25":{"start":{"line":65,"column":2},"end":{"line":65,"column":19}},"26":{"start":{"line":68,"column":0},"end":{"line":86,"column":3}},"27":{"start":{"line":72,"column":6},"end":{"line":72,"column":43}},"28":{"start":{"line":73,"column":6},"end":{"line":73,"column":49}},"29":{"start":{"line":74,"column":6},"end":{"line":74,"column":41}},"30":{"start":{"line":75,"column":6},"end":{"line":75,"column":42}},"31":{"start":{"line":77,"column":6},"end":{"line":83,"column":9}}},"branchMap":{"1":{"line":24,"type":"cond-expr","locations":[{"start":{"line":24,"column":70},"end":{"line":24,"column":73}},{"start":{"line":24,"column":76},"end":{"line":24,"column":92}}]},"2":{"line":24,"type":"binary-expr","locations":[{"start":{"line":24,"column":46},"end":{"line":24,"column":49}},{"start":{"line":24,"column":53},"end":{"line":24,"column":67}}]},"3":{"line":52,"type":"if","locations":[{"start":{"line":52,"column":4},"end":{"line":52,"column":4}},{"start":{"line":52,"column":4},"end":{"line":52,"column":4}}]},"4":{"line":64,"type":"cond-expr","locations":[{"start":{"line":64,"column":23},"end":{"line":64,"column":42}},{"start":{"line":64,"column":45},"end":{"line":64,"column":47}}]},"5":{"line":72,"type":"binary-expr","locations":[{"start":{"line":72,"column":22},"end":{"line":72,"column":36}},{"start":{"line":72,"column":40},"end":{"line":72,"column":42}}]},"6":{"line":75,"type":"binary-expr","locations":[{"start":{"line":75,"column":20},"end":{"line":75,"column":35}},{"start":{"line":75,"column":39},"end":{"line":75,"column":41}}]}}},"/home/amiyasantra/Desktop/Node/coverage/dist/routes/routes.js":{"path":"/home/amiyasantra/Desktop/Node/coverage/dist/routes/routes.js","s":{"1":1,"2":1,"3":1,"4":1,"5":1,"6":1,"7":1,"8":1,"9":1,"10":1,"11":1,"12":1,"13":3,"14":1,"15":1,"16":1,"17":1,"18":1,"19":2,"20":2,"21":1,"22":2,"23":2,"24":2,"25":2,"26":0,"27":1,"28":2,"29":1,"30":1},"b":{"1":[0,3],"2":[3,3],"3":[2,0],"4":[1,1]},"f":{"1":3,"2":2,"3":2,"4":2,"5":2},"fnMap":{"1":{"name":"_interopRequireDefault","line":26,"loc":{"start":{"line":26,"column":0},"end":{"line":26,"column":37}}},"2":{"name":"(anonymous_2)","line":67,"loc":{"start":{"line":67,"column":16},"end":{"line":67,"column":36}}},"3":{"name":"(anonymous_3)","line":72,"loc":{"start":{"line":72,"column":20},"end":{"line":72,"column":40}}},"4":{"name":"(anonymous_4)","line":82,"loc":{"start":{"line":82,"column":5},"end":{"line":82,"column":36}}},"5":{"name":"(anonymous_5)","line":91,"loc":{"start":{"line":91,"column":22},"end":{"line":91,"column":42}}}},"statementMap":{"1":{"start":{"line":3,"column":0},"end":{"line":5,"column":3}},"2":{"start":{"line":6,"column":0},"end":{"line":6,"column":27}},"3":{"start":{"line":8,"column":0},"end":{"line":8,"column":28}},"4":{"start":{"line":10,"column":0},"end":{"line":10,"column":43}},"5":{"start":{"line":12,"column":0},"end":{"line":12,"column":34}},"6":{"start":{"line":14,"column":0},"end":{"line":14,"column":49}},"7":{"start":{"line":16,"column":0},"end":{"line":16,"column":47}},"8":{"start":{"line":18,"column":0},"end":{"line":18,"column":61}},"9":{"start":{"line":20,"column":0},"end":{"line":20,"column":41}},"10":{"start":{"line":22,"column":0},"end":{"line":22,"column":34}},"11":{"start":{"line":24,"column":0},"end":{"line":24,"column":49}},"12":{"start":{"line":26,"column":0},"end":{"line":26,"column":95}},"13":{"start":{"line":26,"column":39},"end":{"line":26,"column":93}},"14":{"start":{"line":50,"column":0},"end":{"line":50,"column":57}},"15":{"start":{"line":53,"column":0},"end":{"line":60,"column":2}},"16":{"start":{"line":61,"column":0},"end":{"line":61,"column":45}},"17":{"start":{"line":64,"column":0},"end":{"line":64,"column":36}},"18":{"start":{"line":67,"column":0},"end":{"line":70,"column":3}},"19":{"start":{"line":68,"column":2},"end":{"line":68,"column":51}},"20":{"start":{"line":69,"column":2},"end":{"line":69,"column":38}},"21":{"start":{"line":72,"column":0},"end":{"line":89,"column":3}},"22":{"start":{"line":73,"column":2},"end":{"line":73,"column":56}},"23":{"start":{"line":74,"column":2},"end":{"line":88,"column":5}},"24":{"start":{"line":83,"column":4},"end":{"line":87,"column":5}},"25":{"start":{"line":84,"column":6},"end":{"line":84,"column":49}},"26":{"start":{"line":86,"column":6},"end":{"line":86,"column":36}},"27":{"start":{"line":91,"column":0},"end":{"line":97,"column":3}},"28":{"start":{"line":92,"column":2},"end":{"line":96,"column":3}},"29":{"start":{"line":93,"column":4},"end":{"line":93,"column":50}},"30":{"start":{"line":95,"column":4},"end":{"line":95,"column":58}}},"branchMap":{"1":{"line":26,"type":"cond-expr","locations":[{"start":{"line":26,"column":70},"end":{"line":26,"column":73}},{"start":{"line":26,"column":76},"end":{"line":26,"column":92}}]},"2":{"line":26,"type":"binary-expr","locations":[{"start":{"line":26,"column":46},"end":{"line":26,"column":49}},{"start":{"line":26,"column":53},"end":{"line":26,"column":67}}]},"3":{"line":83,"type":"if","locations":[{"start":{"line":83,"column":4},"end":{"line":83,"column":4}},{"start":{"line":83,"column":4},"end":{"line":83,"column":4}}]},"4":{"line":92,"type":"if","locations":[{"start":{"line":92,"column":2},"end":{"line":92,"column":2}},{"start":{"line":92,"column":2},"end":{"line":92,"column":2}}]}}},"/home/amiyasantra/Desktop/Node/coverage/dist/spec/api/test_api_spec.js":{"path":"/home/amiyasantra/Desktop/Node/coverage/dist/spec/api/test_api_spec.js","s":{"1":1,"2":1,"3":1,"4":1,"5":1,"6":1,"7":1,"8":1,"9":1,"10":1,"11":1,"12":1,"13":1,"14":1,"15":1,"16":1,"17":1},"b":{},"f":{"1":1,"2":1,"3":1,"4":1,"5":1,"6":1},"fnMap":{"1":{"name":"(anonymous_1)","line":32,"loc":{"start":{"line":32,"column":53},"end":{"line":32,"column":65}}},"2":{"name":"(anonymous_2)","line":35,"loc":{"start":{"line":35,"column":23},"end":{"line":35,"column":35}}},"3":{"name":"(anonymous_3)","line":37,"loc":{"start":{"line":37,"column":34},"end":{"line":37,"column":50}}},"4":{"name":"(anonymous_4)","line":39,"loc":{"start":{"line":39,"column":37},"end":{"line":39,"column":70}}},"5":{"name":"(anonymous_5)","line":48,"loc":{"start":{"line":48,"column":27},"end":{"line":48,"column":43}}},"6":{"name":"(anonymous_6)","line":49,"loc":{"start":{"line":49,"column":37},"end":{"line":49,"column":70}}}},"statementMap":{"1":{"start":{"line":3,"column":0},"end":{"line":3,"column":55}},"2":{"start":{"line":5,"column":0},"end":{"line":5,"column":33}},"3":{"start":{"line":27,"column":0},"end":{"line":27,"column":74}},"4":{"start":{"line":28,"column":0},"end":{"line":28,"column":29}},"5":{"start":{"line":29,"column":0},"end":{"line":29,"column":37}},"6":{"start":{"line":32,"column":0},"end":{"line":55,"column":3}},"7":{"start":{"line":35,"column":2},"end":{"line":54,"column":5}},"8":{"start":{"line":37,"column":4},"end":{"line":44,"column":7}},"9":{"start":{"line":38,"column":6},"end":{"line":38,"column":28}},"10":{"start":{"line":39,"column":6},"end":{"line":43,"column":9}},"11":{"start":{"line":40,"column":8},"end":{"line":40,"column":27}},"12":{"start":{"line":41,"column":8},"end":{"line":41,"column":61}},"13":{"start":{"line":42,"column":8},"end":{"line":42,"column":15}},"14":{"start":{"line":48,"column":4},"end":{"line":53,"column":7}},"15":{"start":{"line":49,"column":6},"end":{"line":52,"column":9}},"16":{"start":{"line":50,"column":8},"end":{"line":50,"column":44}},"17":{"start":{"line":51,"column":8},"end":{"line":51,"column":15}}},"branchMap":{}},"/home/amiyasantra/Desktop/Node/coverage/dist/spec/api/test_login_spec.js":{"path":"/home/amiyasantra/Desktop/Node/coverage/dist/spec/api/test_login_spec.js","s":{"1":1,"2":1,"3":1,"4":1,"5":1,"6":1,"7":1,"8":1,"9":1,"10":1,"11":1,"12":1,"13":1,"14":1,"15":1,"16":1,"17":1,"18":1,"19":1,"20":1,"21":1},"b":{},"f":{"1":1,"2":1,"3":1,"4":1,"5":1},"fnMap":{"1":{"name":"(anonymous_1)","line":42,"loc":{"start":{"line":42,"column":54},"end":{"line":42,"column":66}}},"2":{"name":"(anonymous_2)","line":44,"loc":{"start":{"line":44,"column":41},"end":{"line":44,"column":57}}},"3":{"name":"(anonymous_3)","line":45,"loc":{"start":{"line":45,"column":94},"end":{"line":45,"column":127}}},"4":{"name":"(anonymous_4)","line":52,"loc":{"start":{"line":52,"column":39},"end":{"line":52,"column":55}}},"5":{"name":"(anonymous_5)","line":53,"loc":{"start":{"line":53,"column":94},"end":{"line":53,"column":127}}}},"statementMap":{"1":{"start":{"line":3,"column":0},"end":{"line":3,"column":55}},"2":{"start":{"line":27,"column":0},"end":{"line":27,"column":33}},"3":{"start":{"line":29,"column":0},"end":{"line":29,"column":74}},"4":{"start":{"line":30,"column":0},"end":{"line":30,"column":63}},"5":{"start":{"line":31,"column":0},"end":{"line":31,"column":33}},"6":{"start":{"line":32,"column":0},"end":{"line":35,"column":2}},"7":{"start":{"line":36,"column":0},"end":{"line":36,"column":36}},"8":{"start":{"line":37,"column":0},"end":{"line":37,"column":34}},"9":{"start":{"line":38,"column":0},"end":{"line":38,"column":66}},"10":{"start":{"line":39,"column":0},"end":{"line":39,"column":60}},"11":{"start":{"line":42,"column":0},"end":{"line":59,"column":3}},"12":{"start":{"line":44,"column":2},"end":{"line":50,"column":5}},"13":{"start":{"line":45,"column":4},"end":{"line":49,"column":7}},"14":{"start":{"line":46,"column":6},"end":{"line":46,"column":66}},"15":{"start":{"line":47,"column":6},"end":{"line":47,"column":58}},"16":{"start":{"line":48,"column":6},"end":{"line":48,"column":13}},"17":{"start":{"line":52,"column":2},"end":{"line":58,"column":5}},"18":{"start":{"line":53,"column":4},"end":{"line":57,"column":7}},"19":{"start":{"line":54,"column":6},"end":{"line":54,"column":64}},"20":{"start":{"line":55,"column":6},"end":{"line":55,"column":56}},"21":{"start":{"line":56,"column":6},"end":{"line":56,"column":13}}},"branchMap":{}},"/home/amiyasantra/Desktop/Node/coverage/dist/spec/api/test_mockup_spec.js":{"path":"/home/amiyasantra/Desktop/Node/coverage/dist/spec/api/test_mockup_spec.js","s":{"1":1,"2":1,"3":1,"4":1,"5":1,"6":1,"7":2,"8":1,"9":1,"10":1,"11":1,"12":1,"13":1,"14":1,"15":1,"16":1,"17":1,"18":1,"19":1,"20":1,"21":1},"b":{"1":[0,2],"2":[2,2]},"f":{"1":2,"2":1,"3":1,"4":1,"5":1,"6":1},"fnMap":{"1":{"name":"_interopRequireDefault","line":13,"loc":{"start":{"line":13,"column":0},"end":{"line":13,"column":37}}},"2":{"name":"(anonymous_2)","line":44,"loc":{"start":{"line":44,"column":25},"end":{"line":44,"column":37}}},"3":{"name":"(anonymous_3)","line":48,"loc":{"start":{"line":48,"column":38},"end":{"line":48,"column":54}}},"4":{"name":"(anonymous_4)","line":49,"loc":{"start":{"line":49,"column":50},"end":{"line":49,"column":81}}},"5":{"name":"(anonymous_5)","line":55,"loc":{"start":{"line":55,"column":38},"end":{"line":55,"column":54}}},"6":{"name":"(anonymous_6)","line":57,"loc":{"start":{"line":57,"column":50},"end":{"line":57,"column":81}}}},"statementMap":{"1":{"start":{"line":3,"column":0},"end":{"line":3,"column":34}},"2":{"start":{"line":5,"column":0},"end":{"line":5,"column":49}},"3":{"start":{"line":7,"column":0},"end":{"line":7,"column":28}},"4":{"start":{"line":9,"column":0},"end":{"line":9,"column":43}},"5":{"start":{"line":11,"column":0},"end":{"line":11,"column":55}},"6":{"start":{"line":13,"column":0},"end":{"line":13,"column":95}},"7":{"start":{"line":13,"column":39},"end":{"line":13,"column":93}},"8":{"start":{"line":15,"column":0},"end":{"line":15,"column":74}},"9":{"start":{"line":39,"column":0},"end":{"line":39,"column":44}},"10":{"start":{"line":42,"column":0},"end":{"line":42,"column":47}},"11":{"start":{"line":44,"column":0},"end":{"line":62,"column":3}},"12":{"start":{"line":46,"column":2},"end":{"line":46,"column":77}},"13":{"start":{"line":48,"column":2},"end":{"line":53,"column":5}},"14":{"start":{"line":49,"column":4},"end":{"line":52,"column":7}},"15":{"start":{"line":50,"column":6},"end":{"line":50,"column":44}},"16":{"start":{"line":51,"column":6},"end":{"line":51,"column":13}},"17":{"start":{"line":55,"column":2},"end":{"line":61,"column":5}},"18":{"start":{"line":56,"column":4},"end":{"line":56,"column":96}},"19":{"start":{"line":57,"column":4},"end":{"line":60,"column":7}},"20":{"start":{"line":58,"column":6},"end":{"line":58,"column":44}},"21":{"start":{"line":59,"column":6},"end":{"line":59,"column":13}}},"branchMap":{"1":{"line":13,"type":"cond-expr","locations":[{"start":{"line":13,"column":70},"end":{"line":13,"column":73}},{"start":{"line":13,"column":76},"end":{"line":13,"column":92}}]},"2":{"line":13,"type":"binary-expr","locations":[{"start":{"line":13,"column":46},"end":{"line":13,"column":49}},{"start":{"line":13,"column":53},"end":{"line":13,"column":67}}]}}},"/home/amiyasantra/Desktop/Node/coverage/dist/spec/test_spy_spec.js":{"path":"/home/amiyasantra/Desktop/Node/coverage/dist/spec/test_spy_spec.js","s":{"1":1,"2":1,"3":1,"4":6,"5":0,"6":6,"7":6,"8":6,"9":1,"10":1,"11":1,"12":1,"13":1,"14":1,"15":1,"16":1,"17":1,"18":1,"19":1,"20":1,"21":1},"b":{},"f":{"1":1,"2":6,"3":0,"4":1,"5":1,"6":1,"7":1,"8":1,"9":1},"fnMap":{"1":{"name":"(anonymous_1)","line":25,"loc":{"start":{"line":25,"column":18},"end":{"line":25,"column":30}}},"2":{"name":"(anonymous_2)","line":28,"loc":{"start":{"line":28,"column":13},"end":{"line":28,"column":25}}},"3":{"name":"setBar","line":30,"loc":{"start":{"line":30,"column":14},"end":{"line":30,"column":37}}},"4":{"name":"(anonymous_4)","line":39,"loc":{"start":{"line":39,"column":39},"end":{"line":39,"column":51}}},"5":{"name":"(anonymous_5)","line":43,"loc":{"start":{"line":43,"column":35},"end":{"line":43,"column":47}}},"6":{"name":"(anonymous_6)","line":47,"loc":{"start":{"line":47,"column":46},"end":{"line":47,"column":58}}},"7":{"name":"(anonymous_7)","line":52,"loc":{"start":{"line":52,"column":46},"end":{"line":52,"column":58}}},"8":{"name":"(anonymous_8)","line":56,"loc":{"start":{"line":56,"column":37},"end":{"line":56,"column":49}}},"9":{"name":"(anonymous_9)","line":60,"loc":{"start":{"line":60,"column":42},"end":{"line":60,"column":54}}}},"statementMap":{"1":{"start":{"line":25,"column":0},"end":{"line":63,"column":3}},"2":{"start":{"line":26,"column":2},"end":{"line":27,"column":17}},"3":{"start":{"line":28,"column":2},"end":{"line":37,"column":5}},"4":{"start":{"line":29,"column":4},"end":{"line":33,"column":6}},"5":{"start":{"line":31,"column":8},"end":{"line":31,"column":20}},"6":{"start":{"line":34,"column":4},"end":{"line":34,"column":25}},"7":{"start":{"line":35,"column":4},"end":{"line":35,"column":20}},"8":{"start":{"line":36,"column":4},"end":{"line":36,"column":37}},"9":{"start":{"line":39,"column":2},"end":{"line":41,"column":5}},"10":{"start":{"line":40,"column":4},"end":{"line":40,"column":42}},"11":{"start":{"line":43,"column":2},"end":{"line":45,"column":5}},"12":{"start":{"line":44,"column":4},"end":{"line":44,"column":47}},"13":{"start":{"line":47,"column":2},"end":{"line":50,"column":5}},"14":{"start":{"line":48,"column":4},"end":{"line":48,"column":49}},"15":{"start":{"line":49,"column":4},"end":{"line":49,"column":66}},"16":{"start":{"line":52,"column":2},"end":{"line":54,"column":5}},"17":{"start":{"line":53,"column":4},"end":{"line":53,"column":59}},"18":{"start":{"line":56,"column":2},"end":{"line":58,"column":5}},"19":{"start":{"line":57,"column":4},"end":{"line":57,"column":53}},"20":{"start":{"line":60,"column":2},"end":{"line":62,"column":5}},"21":{"start":{"line":61,"column":4},"end":{"line":61,"column":27}}},"branchMap":{}}}